app/build/intermediates/manifest_merge_blame_file/debug/processDebugMainManifest/manifest-merger-blame-debug-report.txt
1<?xml version="1.0" encoding="utf-8"?>
2<manifest xmlns:android="http://schemas.android.com/apk/res/android"
3    package="com.androiddrop.app"
4    android:versionCode="1"
5    android:versionName="1.0.0" >
6
7    <uses-sdk
8        android:minSdkVersion="29"
9        android:targetSdkVersion="35" />
10
11    <!-- Permisos BLE -->
12    <uses-permission android:name="android.permission.BLUETOOTH" />
12-->src/main/AndroidManifest.xml:5:5-68
12-->src/main/AndroidManifest.xml:5:22-65
13    <uses-permission android:name="android.permission.BLUETOOTH_ADMIN" />
13-->src/main/AndroidManifest.xml:6:5-74
13-->src/main/AndroidManifest.xml:6:22-71
14    <uses-permission android:name="android.permission.BLUETOOTH_ADVERTISE" />
14-->src/main/AndroidManifest.xml:7:5-78
14-->src/main/AndroidManifest.xml:7:22-75
15    <uses-permission android:name="android.permission.BLUETOOTH_SCAN" />
15-->src/main/AndroidManifest.xml:8:5-73
15-->src/main/AndroidManifest.xml:8:22-70
16    <uses-permission android:name="android.permission.BLUETOOTH_CONNECT" />
16-->src/main/AndroidManifest.xml:9:5-76
16-->src/main/AndroidManifest.xml:9:22-73
17    <uses-permission android:name="android.permission.ACCESS_FINE_LOCATION" />
17-->src/main/AndroidManifest.xml:10:5-79
17-->src/main/AndroidManifest.xml:10:22-76
18    <uses-permission android:name="android.permission.ACCESS_COARSE_LOCATION" />
18-->src/main/AndroidManifest.xml:11:5-81
18-->src/main/AndroidManifest.xml:11:22-78
19
20    <!-- Permisos Wi-Fi Direct -->
21    <uses-permission android:name="android.permission.ACCESS_WIFI_STATE" />
21-->src/main/AndroidManifest.xml:14:5-76
21-->src/main/AndroidManifest.xml:14:22-73
22    <uses-permission android:name="android.permission.CHANGE_WIFI_STATE" />
22-->src/main/AndroidManifest.xml:15:5-76
22-->src/main/AndroidManifest.xml:15:22-73
23    <uses-permission android:name="android.permission.NEARBY_WIFI_DEVICES" />
23-->src/main/AndroidManifest.xml:16:5-78
23-->src/main/AndroidManifest.xml:16:22-75
24
25    <!-- Permisos Foreground Service -->
26    <uses-permission android:name="android.permission.FOREGROUND_SERVICE" />
26-->src/main/AndroidManifest.xml:19:5-77
26-->src/main/AndroidManifest.xml:19:22-74
27    <uses-permission android:name="android.permission.FOREGROUND_SERVICE_CONNECTED_DEVICE" />
27-->src/main/AndroidManifest.xml:20:5-94
27-->src/main/AndroidManifest.xml:20:22-91
28    <uses-permission android:name="android.permission.FOREGROUND_SERVICE_DATA_SYNC" />
28-->src/main/AndroidManifest.xml:21:5-87
28-->src/main/AndroidManifest.xml:21:22-84
29    <uses-permission android:name="android.permission.POST_NOTIFICATIONS" />
29-->src/main/AndroidManifest.xml:22:5-77
29-->src/main/AndroidManifest.xml:22:22-74
30
31    <!-- Permisos Almacenamiento -->
32    <uses-permission
32-->src/main/AndroidManifest.xml:25:5-26:38
33        android:name="android.permission.READ_EXTERNAL_STORAGE"
33-->src/main/AndroidManifest.xml:25:22-77
34        android:maxSdkVersion="32" />
34-->src/main/AndroidManifest.xml:26:9-35
35
36    <!-- Hardware features -->
37    <uses-feature
37-->src/main/AndroidManifest.xml:29:5-90
38        android:name="android.hardware.bluetooth_le"
38-->src/main/AndroidManifest.xml:29:19-63
39        android:required="true" />
39-->src/main/AndroidManifest.xml:29:64-87
40    <uses-feature
40-->src/main/AndroidManifest.xml:30:5-82
41        android:name="android.hardware.wifi"
41-->src/main/AndroidManifest.xml:30:19-55
42        android:required="true" />
42-->src/main/AndroidManifest.xml:30:56-79
43    <uses-feature
43-->src/main/AndroidManifest.xml:31:5-89
44        android:name="android.hardware.wifi.direct"
44-->src/main/AndroidManifest.xml:31:19-62
45        android:required="true" />
45-->src/main/AndroidManifest.xml:31:63-86
46    <uses-feature
46-->src/main/AndroidManifest.xml:32:5-98
47        android:name="android.hardware.opengles.version_3_0"
47-->src/main/AndroidManifest.xml:32:19-71
48        android:required="true" />
48-->src/main/AndroidManifest.xml:32:72-95
49
50    <uses-permission android:name="android.permission.ACCESS_NETWORK_STATE" />
50-->[com.google.android.gms:play-services-nearby:19.0.0] AndroidManifest.xml:7:5-79
50-->[com.google.android.gms:play-services-nearby:19.0.0] AndroidManifest.xml:7:22-76
51
52    <permission
52-->[androidx.core:core:1.13.1] AndroidManifest.xml:22:5-24:47
53        android:name="com.androiddrop.app.DYNAMIC_RECEIVER_NOT_EXPORTED_PERMISSION"
53-->[androidx.core:core:1.13.1] AndroidManifest.xml:23:9-81
54        android:protectionLevel="signature" />
54-->[androidx.core:core:1.13.1] AndroidManifest.xml:24:9-44
55
56    <uses-permission android:name="com.androiddrop.app.DYNAMIC_RECEIVER_NOT_EXPORTED_PERMISSION" />
56-->[androidx.core:core:1.13.1] AndroidManifest.xml:26:5-97
56-->[androidx.core:core:1.13.1] AndroidManifest.xml:26:22-94
57
58    <application
58-->src/main/AndroidManifest.xml:34:5-56:19
59        android:name="com.androiddrop.app.AndroidDropApplication"
59-->src/main/AndroidManifest.xml:35:9-47
60        android:allowBackup="false"
60-->src/main/AndroidManifest.xml:36:9-36
61        android:appComponentFactory="androidx.core.app.CoreComponentFactory"
61-->[androidx.core:core:1.13.1] AndroidManifest.xml:28:18-86
62        android:dataExtractionRules="@xml/data_extraction_rules"
62-->src/main/AndroidManifest.xml:37:9-65
63        android:debuggable="true"
64        android:extractNativeLibs="false"
65        android:fullBackupContent="false"
65-->src/main/AndroidManifest.xml:38:9-42
66        android:icon="@mipmap/ic_launcher"
66-->src/main/AndroidManifest.xml:39:9-43
67        android:label="@string/app_name"
67-->src/main/AndroidManifest.xml:40:9-41
68        android:networkSecurityConfig="@xml/network_security_config"
68-->src/main/AndroidManifest.xml:44:9-69
69        android:roundIcon="@mipmap/ic_launcher_round"
69-->src/main/AndroidManifest.xml:41:9-54
70        android:supportsRtl="true"
70-->src/main/AndroidManifest.xml:42:9-35
71        android:testOnly="true"
72        android:theme="@style/Theme.AndroidDrop" >
72-->src/main/AndroidManifest.xml:43:9-49
73        <activity
73-->src/main/AndroidManifest.xml:46:9-54:20
74            android:name="com.androiddrop.app.MainActivity"
74-->src/main/AndroidManifest.xml:47:13-41
75            android:exported="true"
75-->src/main/AndroidManifest.xml:48:13-36
76            android:theme="@style/Theme.AndroidDrop" >
76-->src/main/AndroidManifest.xml:49:13-53
77            <intent-filter>
77-->src/main/AndroidManifest.xml:50:13-53:29
78                <action android:name="android.intent.action.MAIN" />
78-->src/main/AndroidManifest.xml:51:17-69
78-->src/main/AndroidManifest.xml:51:25-66
79
80                <category android:name="android.intent.category.LAUNCHER" />
80-->src/main/AndroidManifest.xml:52:17-77
80-->src/main/AndroidManifest.xml:52:27-74
81            </intent-filter>
82        </activity>
83
84        <service
84-->[:service:service-discovery] AndroidManifest.xml:8:9-11:63
85            android:name="com.androiddrop.service.discovery.DiscoveryService"
85-->[:service:service-discovery] AndroidManifest.xml:9:13-78
86            android:exported="false"
86-->[:service:service-discovery] AndroidManifest.xml:10:13-37
87            android:foregroundServiceType="connectedDevice" />
87-->[:service:service-discovery] AndroidManifest.xml:11:13-60
88        <service
88-->[:service:service-transfer] AndroidManifest.xml:8:9-11:56
89            android:name="com.androiddrop.service.transfer.TransferService"
89-->[:service:service-transfer] AndroidManifest.xml:9:13-76
90            android:exported="false"
90-->[:service:service-transfer] AndroidManifest.xml:10:13-37
91            android:foregroundServiceType="dataSync" />
91-->[:service:service-transfer] AndroidManifest.xml:11:13-53
92
93        <receiver
93-->[:service:service-transfer] AndroidManifest.xml:13:9-15:40
94            android:name="com.androiddrop.service.transfer.TransferBroadcastReceiver"
94-->[:service:service-transfer] AndroidManifest.xml:14:13-86
95            android:exported="false" />
95-->[:service:service-transfer] AndroidManifest.xml:15:13-37
96
97        <service
97-->[com.google.android.gms:play-services-nearby:19.0.0] AndroidManifest.xml:10:9-13:105
98            android:name="com.google.android.gms.nearby.exposurenotification.WakeUpService"
98-->[com.google.android.gms:play-services-nearby:19.0.0] AndroidManifest.xml:11:13-92
99            android:exported="true"
99-->[com.google.android.gms:play-services-nearby:19.0.0] AndroidManifest.xml:12:13-36
100            android:permission="com.google.android.gms.nearby.exposurenotification.EXPOSURE_CALLBACK" />
100-->[com.google.android.gms:play-services-nearby:19.0.0] AndroidManifest.xml:13:13-102
101
102        <activity
102-->[com.google.android.gms:play-services-base:18.0.1] AndroidManifest.xml:20:9-22:45
103            android:name="com.google.android.gms.common.api.GoogleApiActivity"
103-->[com.google.android.gms:play-services-base:18.0.1] AndroidManifest.xml:20:19-85
104            android:exported="false"
104-->[com.google.android.gms:play-services-base:18.0.1] AndroidManifest.xml:22:19-43
105            android:theme="@android:style/Theme.Translucent.NoTitleBar" />
105-->[com.google.android.gms:play-services-base:18.0.1] AndroidManifest.xml:21:19-78
106
107        <meta-data
107-->[com.google.android.gms:play-services-basement:18.0.0] AndroidManifest.xml:21:9-23:69
108            android:name="com.google.android.gms.version"
108-->[com.google.android.gms:play-services-basement:18.0.0] AndroidManifest.xml:22:13-58
109            android:value="@integer/google_play_services_version" />
109-->[com.google.android.gms:play-services-basement:18.0.0] AndroidManifest.xml:23:13-66
110
111        <activity
111-->[androidx.compose.ui:ui-tooling-android:1.7.4] AndroidManifest.xml:23:9-25:39
112            android:name="androidx.compose.ui.tooling.PreviewActivity"
112-->[androidx.compose.ui:ui-tooling-android:1.7.4] AndroidManifest.xml:24:13-71
113            android:exported="true" />
113-->[androidx.compose.ui:ui-tooling-android:1.7.4] AndroidManifest.xml:25:13-36
114
115        <provider
115-->[androidx.emoji2:emoji2:1.3.0] AndroidManifest.xml:24:9-32:20
116            android:name="androidx.startup.InitializationProvider"
116-->[androidx.emoji2:emoji2:1.3.0] AndroidManifest.xml:25:13-67
117            android:authorities="com.androiddrop.app.androidx-startup"
117-->[androidx.emoji2:emoji2:1.3.0] AndroidManifest.xml:26:13-68
118            android:exported="false" >
118-->[androidx.emoji2:emoji2:1.3.0] AndroidManifest.xml:27:13-37
119            <meta-data
119-->[androidx.emoji2:emoji2:1.3.0] AndroidManifest.xml:29:13-31:52
120                android:name="androidx.emoji2.text.EmojiCompatInitializer"
120-->[androidx.emoji2:emoji2:1.3.0] AndroidManifest.xml:30:17-75
121                android:value="androidx.startup" />
121-->[androidx.emoji2:emoji2:1.3.0] AndroidManifest.xml:31:17-49
122            <meta-data
122-->[androidx.lifecycle:lifecycle-process:2.8.5] AndroidManifest.xml:29:13-31:52
123                android:name="androidx.lifecycle.ProcessLifecycleInitializer"
123-->[androidx.lifecycle:lifecycle-process:2.8.5] AndroidManifest.xml:30:17-78
124                android:value="androidx.startup" />
124-->[androidx.lifecycle:lifecycle-process:2.8.5] AndroidManifest.xml:31:17-49
125            <meta-data
125-->[androidx.profileinstaller:profileinstaller:1.3.1] AndroidManifest.xml:29:13-31:52
126                android:name="androidx.profileinstaller.ProfileInstallerInitializer"
126-->[androidx.profileinstaller:profileinstaller:1.3.1] AndroidManifest.xml:30:17-85
127                android:value="androidx.startup" />
127-->[androidx.profileinstaller:profileinstaller:1.3.1] AndroidManifest.xml:31:17-49
128        </provider>
129
130        <receiver
130-->[androidx.profileinstaller:profileinstaller:1.3.1] AndroidManifest.xml:34:9-52:20
131            android:name="androidx.profileinstaller.ProfileInstallReceiver"
131-->[androidx.profileinstaller:profileinstaller:1.3.1] AndroidManifest.xml:35:13-76
132            android:directBootAware="false"
132-->[androidx.profileinstaller:profileinstaller:1.3.1] AndroidManifest.xml:36:13-44
133            android:enabled="true"
133-->[androidx.profileinstaller:profileinstaller:1.3.1] AndroidManifest.xml:37:13-35
134            android:exported="true"
134-->[androidx.profileinstaller:profileinstaller:1.3.1] AndroidManifest.xml:38:13-36
135            android:permission="android.permission.DUMP" >
135-->[androidx.profileinstaller:profileinstaller:1.3.1] AndroidManifest.xml:39:13-57
136            <intent-filter>
136-->[androidx.profileinstaller:profileinstaller:1.3.1] AndroidManifest.xml:40:13-42:29
137                <action android:name="androidx.profileinstaller.action.INSTALL_PROFILE" />
137-->[androidx.profileinstaller:profileinstaller:1.3.1] AndroidManifest.xml:41:17-91
137-->[androidx.profileinstaller:profileinstaller:1.3.1] AndroidManifest.xml:41:25-88
138            </intent-filter>
139            <intent-filter>
139-->[androidx.profileinstaller:profileinstaller:1.3.1] AndroidManifest.xml:43:13-45:29
140                <action android:name="androidx.profileinstaller.action.SKIP_FILE" />
140-->[androidx.profileinstaller:profileinstaller:1.3.1] AndroidManifest.xml:44:17-85
140-->[androidx.profileinstaller:profileinstaller:1.3.1] AndroidManifest.xml:44:25-82
141            </intent-filter>
142            <intent-filter>
142-->[androidx.profileinstaller:profileinstaller:1.3.1] AndroidManifest.xml:46:13-48:29
143                <action android:name="androidx.profileinstaller.action.SAVE_PROFILE" />
143-->[androidx.profileinstaller:profileinstaller:1.3.1] AndroidManifest.xml:47:17-88
143-->[androidx.profileinstaller:profileinstaller:1.3.1] AndroidManifest.xml:47:25-85
144            </intent-filter>
145            <intent-filter>
145-->[androidx.profileinstaller:profileinstaller:1.3.1] AndroidManifest.xml:49:13-51:29
146                <action android:name="androidx.profileinstaller.action.BENCHMARK_OPERATION" />
146-->[androidx.profileinstaller:profileinstaller:1.3.1] AndroidManifest.xml:50:17-95
146-->[androidx.profileinstaller:profileinstaller:1.3.1] AndroidManifest.xml:50:25-92
147            </intent-filter>
148        </receiver>
149    </application>
150
151</manifest>